<?xml version="1.0" encoding="UTF-8"?>
<testng-results ignored="0" total="1" passed="1" failed="0" skipped="0">
  <reporter-output>
  </reporter-output>
  <suite started-at="2024-10-29T12:18:03 IST" name="Default suite" finished-at="2024-10-29T12:18:48 IST" duration-ms="45088">
    <groups>
    </groups>
    <test started-at="2024-10-29T12:18:03 IST" name="Default test" finished-at="2024-10-29T12:18:48 IST" duration-ms="45088">
      <class name="Project_Appium.Demo_Appium.DragAndDrop">
        <test-method is-config="true" signature="AppiumConfig()[pri:0, instance:Project_Appium.Demo_Appium.DragAndDrop@10683d9d]" started-at="2024-10-29T12:18:03 IST" name="AppiumConfig" finished-at="2024-10-29T12:18:29 IST" duration-ms="25584" status="PASS">
          <reporter-output>
          </reporter-output>
        </test-method> <!-- AppiumConfig -->
        <test-method signature="DragDropTest()[pri:0, instance:Project_Appium.Demo_Appium.DragAndDrop@10683d9d]" started-at="2024-10-29T12:18:29 IST" name="DragDropTest" finished-at="2024-10-29T12:18:43 IST" duration-ms="13971" status="PASS">
          <reporter-output>
          </reporter-output>
        </test-method> <!-- DragDropTest -->
        <test-method is-config="true" signature="tearDown()[pri:0, instance:Project_Appium.Demo_Appium.DragAndDrop@10683d9d]" started-at="2024-10-29T12:18:43 IST" name="tearDown" finished-at="2024-10-29T12:18:48 IST" duration-ms="5428" status="PASS">
          <reporter-output>
          </reporter-output>
        </test-method> <!-- tearDown -->
      </class> <!-- Project_Appium.Demo_Appium.DragAndDrop -->
    </test> <!-- Default test -->
  </suite> <!-- Default suite -->
</testng-results>
