<?xml version="1.0" encoding="UTF-8"?>
<testng-results ignored="0" total="1" passed="1" failed="0" skipped="0">
  <reporter-output>
  </reporter-output>
  <suite started-at="2024-10-31T00:09:07 IST" name="Default suite" finished-at="2024-10-31T00:10:15 IST" duration-ms="68319">
    <groups>
    </groups>
    <test started-at="2024-10-31T00:09:07 IST" name="Default test" finished-at="2024-10-31T00:10:15 IST" duration-ms="68319">
      <class name="Project_Appium.Demo_Appium.MiscellaneousActivities">
        <test-method is-config="true" signature="AppiumConfig()[pri:0, instance:Project_Appium.Demo_Appium.MiscellaneousActivities@682b2fa]" started-at="2024-10-31T00:09:07 IST" name="AppiumConfig" finished-at="2024-10-31T00:09:40 IST" duration-ms="33463" status="PASS">
          <reporter-output>
          </reporter-output>
        </test-method> <!-- AppiumConfig -->
        <test-method signature="MiscellaneousActions()[pri:0, instance:Project_Appium.Demo_Appium.MiscellaneousActivities@682b2fa]" started-at="2024-10-31T00:09:40 IST" name="MiscellaneousActions" finished-at="2024-10-31T00:10:08 IST" duration-ms="27665" status="PASS">
          <reporter-output>
          </reporter-output>
        </test-method> <!-- MiscellaneousActions -->
        <test-method is-config="true" signature="resetOrientation()[pri:0, instance:Project_Appium.Demo_Appium.MiscellaneousActivities@682b2fa]" started-at="2024-10-31T00:10:08 IST" name="resetOrientation" finished-at="2024-10-31T00:10:08 IST" duration-ms="214" status="PASS">
          <reporter-output>
          </reporter-output>
        </test-method> <!-- resetOrientation -->
        <test-method is-config="true" signature="tearDown()[pri:0, instance:Project_Appium.Demo_Appium.MiscellaneousActivities@682b2fa]" started-at="2024-10-31T00:10:08 IST" name="tearDown" finished-at="2024-10-31T00:10:15 IST" duration-ms="6866" status="PASS">
          <reporter-output>
          </reporter-output>
        </test-method> <!-- tearDown -->
      </class> <!-- Project_Appium.Demo_Appium.MiscellaneousActivities -->
    </test> <!-- Default test -->
  </suite> <!-- Default suite -->
</testng-results>
